<?xml version="1.0" encoding="UTF-8"?>
<!-- Generated by org.testng.reporters.JUnitXMLReporter -->
<testsuite ignored="0" hostname="AnudiP" failures="3" tests="5" name="EndToEnd" time="36.24" errors="0" timestamp="2026-02-13T16:33:15 IST">
  <testcase classname="test.BookHotelPageTest" name="book_hotel" time="11.163"/>
  <testcase classname="test.LoginWithMultipleUsers" name="loginPositive" time="1.764">
    <failure type="java.lang.AssertionError" message="expected [https://adactinhotelapp.com/] but found [https://adactinhotelapp.com/SearchHotel.php]">
      <![CDATA[java.lang.AssertionError: expected [https://adactinhotelapp.com/] but found [https://adactinhotelapp.com/SearchHotel.php]
at test.LoginWithMultipleUsers.loginPositive(LoginWithMultipleUsers.java:33)
at java.base/java.util.ArrayList.forEach(ArrayList.java:1511)
... Removed 33 stack frames]]>
    </failure>
  </testcase> <!-- loginPositive -->
  <testcase classname="test.LoginWithMultipleUsers" name="loginPositive" time="0.81">
    <failure type="java.lang.AssertionError" message="expected [https://adactinhotelapp.com/] but found [https://adactinhotelapp.com/SearchHotel.php]">
      <![CDATA[java.lang.AssertionError: expected [https://adactinhotelapp.com/] but found [https://adactinhotelapp.com/SearchHotel.php]
at test.LoginWithMultipleUsers.loginPositive(LoginWithMultipleUsers.java:33)
at java.base/java.util.ArrayList.forEach(ArrayList.java:1511)
... Removed 33 stack frames]]>
    </failure>
  </testcase> <!-- loginPositive -->
  <testcase classname="test.LoginWithMultipleUsers" name="loginPositive" time="0.498">
    <failure type="java.lang.AssertionError" message="expected [https://adactinhotelapp.com/] but found [https://adactinhotelapp.com/SearchHotel.php]">
      <![CDATA[java.lang.AssertionError: expected [https://adactinhotelapp.com/] but found [https://adactinhotelapp.com/SearchHotel.php]
at test.LoginWithMultipleUsers.loginPositive(LoginWithMultipleUsers.java:33)
at java.base/java.util.ArrayList.forEach(ArrayList.java:1511)
... Removed 33 stack frames]]>
    </failure>
  </testcase> <!-- loginPositive -->
  <testcase classname="test.LoginWithMultipleUsers" name="loginPositive" time="1.15"/>
</testsuite> <!-- EndToEnd -->
