<?xml version="1.0" encoding="UTF-8"?>
<!-- Generated by org.testng.reporters.JUnitXMLReporter -->
<testsuite ignored="0" hostname="AnudiP" failures="3" tests="4" name="Test1" time="25.831" errors="0" timestamp="2026-02-13T16:37:12 IST">
  <testcase classname="test.LoginWithMultipleUsers" name="loginPositive" time="2.188">
    <failure type="java.lang.AssertionError" message="expected [https://adactinhotelapp.com/] but found [https://adactinhotelapp.com/SearchHotel.php]">
      <![CDATA[java.lang.AssertionError: expected [https://adactinhotelapp.com/] but found [https://adactinhotelapp.com/SearchHotel.php]
at test.LoginWithMultipleUsers.loginPositive(LoginWithMultipleUsers.java:33)
at java.base/java.util.ArrayList.forEach(ArrayList.java:1511)
at java.base/java.util.concurrent.FutureTask.run(FutureTask.java:264)
at java.base/java.util.concurrent.ThreadPoolExecutor.runWorker(ThreadPoolExecutor.java:1136)
at java.base/java.util.concurrent.ThreadPoolExecutor$Worker.run(ThreadPoolExecutor.java:635)
at java.base/java.lang.Thread.run(Thread.java:840)
... Removed 23 stack frames]]>
    </failure>
  </testcase> <!-- loginPositive -->
  <testcase classname="test.LoginWithMultipleUsers" name="loginPositive" time="1.267">
    <failure type="java.lang.AssertionError" message="expected [https://adactinhotelapp.com/] but found [https://adactinhotelapp.com/SearchHotel.php]">
      <![CDATA[java.lang.AssertionError: expected [https://adactinhotelapp.com/] but found [https://adactinhotelapp.com/SearchHotel.php]
at test.LoginWithMultipleUsers.loginPositive(LoginWithMultipleUsers.java:33)
at java.base/java.util.ArrayList.forEach(ArrayList.java:1511)
at java.base/java.util.concurrent.FutureTask.run(FutureTask.java:264)
at java.base/java.util.concurrent.ThreadPoolExecutor.runWorker(ThreadPoolExecutor.java:1136)
at java.base/java.util.concurrent.ThreadPoolExecutor$Worker.run(ThreadPoolExecutor.java:635)
at java.base/java.lang.Thread.run(Thread.java:840)
... Removed 23 stack frames]]>
    </failure>
  </testcase> <!-- loginPositive -->
  <testcase classname="test.LoginWithMultipleUsers" name="loginPositive" time="1.152">
    <failure type="java.lang.AssertionError" message="expected [https://adactinhotelapp.com/] but found [https://adactinhotelapp.com/SearchHotel.php]">
      <![CDATA[java.lang.AssertionError: expected [https://adactinhotelapp.com/] but found [https://adactinhotelapp.com/SearchHotel.php]
at test.LoginWithMultipleUsers.loginPositive(LoginWithMultipleUsers.java:33)
at java.base/java.util.ArrayList.forEach(ArrayList.java:1511)
at java.base/java.util.concurrent.FutureTask.run(FutureTask.java:264)
at java.base/java.util.concurrent.ThreadPoolExecutor.runWorker(ThreadPoolExecutor.java:1136)
at java.base/java.util.concurrent.ThreadPoolExecutor$Worker.run(ThreadPoolExecutor.java:635)
at java.base/java.lang.Thread.run(Thread.java:840)
... Removed 23 stack frames]]>
    </failure>
  </testcase> <!-- loginPositive -->
  <testcase classname="test.LoginWithMultipleUsers" name="loginPositive" time="1.299"/>
</testsuite> <!-- Test1 -->
