<?xml version="1.0" encoding="UTF-8"?>
<!-- Generated by org.testng.reporters.JUnitXMLReporter -->
<testsuite ignored="0" hostname="AnudiP" failures="0" tests="5" name="Test" time="8.594" errors="0" timestamp="2026-02-16T16:52:47 IST">
  <testcase classname="test.AdactinHotelAppEndToEndTest" name="login" time="0.784"/>
  <testcase classname="test.AdactinHotelAppEndToEndTest" name="searchHotel" time="0.698"/>
  <testcase classname="test.AdactinHotelAppEndToEndTest" name="select_hotel" time="0.316"/>
  <testcase classname="test.AdactinHotelAppEndToEndTest" name="verify_selectHotel" time="0.188"/>
  <testcase classname="test.AdactinHotelAppEndToEndTest" name="book_hotel" time="6.541"/>
</testsuite> <!-- Test -->
