<?xml version="1.0" encoding="UTF-8"?>
<!-- Generated by org.testng.reporters.JUnitXMLReporter -->
<testsuite ignored="0" hostname="AnudiP" failures="0" tests="7" name="Test" time="8.691" errors="0" timestamp="2026-02-15T21:37:07 IST">
  <testcase classname="test.AdactinHotelAppEndToEndTest" name="login" time="0.576"/>
  <testcase classname="test.AdactinHotelAppEndToEndTest" name="verify_login" time="0.205"/>
  <testcase classname="test.AdactinHotelAppEndToEndTest" name="searchHotel" time="0.471"/>
  <testcase classname="test.AdactinHotelAppEndToEndTest" name="verify_searchHotel" time="0.188"/>
  <testcase classname="test.AdactinHotelAppEndToEndTest" name="select_hotel" time="0.31"/>
  <testcase classname="test.AdactinHotelAppEndToEndTest" name="verify_selectHotel" time="0.182"/>
  <testcase classname="test.AdactinHotelAppEndToEndTest" name="book_hotel" time="6.694"/>
</testsuite> <!-- Test -->
