<?xml version="1.0" encoding="UTF-8"?>
<testsuite xmlns:xsi="http://www.w3.org/2001/XMLSchema-instance" xsi:noNamespaceSchemaLocation="https://maven.apache.org/surefire/maven-surefire-plugin/xsd/surefire-test-report.xsd" version="3.0.2" name="TestSuite" time="13.454" tests="5" errors="0" skipped="0" failures="0">
  <properties>
[...]
</properties>
  <testcase name="login" classname="test.AdactinHotelAppEndToEndTest" time="0.781">
    <system-out><![CDATA[TEST LISTENER CONSTRUCTOR CALLED
TEST LISTENER CONSTRUCTOR CALLED
]]></system-out>
    <system-err><![CDATA[SLF4J: Failed to load class "org.slf4j.impl.StaticLoggerBinder".
SLF4J: Defaulting to no-operation (NOP) logger implementation
SLF4J: See http://www.slf4j.org/codes.html#StaticLoggerBinder for further details.
Feb 16, 2026 4:52:36 PM org.openqa.selenium.devtools.CdpVersionFinder findNearestMatch
WARNING: Unable to find CDP implementation matching 144
Feb 16, 2026 4:52:36 PM org.openqa.selenium.chromium.ChromiumDriver lambda$new$4
WARNING: Unable to find version of CDP to use for 144.0.7559.134. You may need to include a dependency on a specific version of the CDP using something similar to `org.seleniumhq.selenium:selenium-devtools-v86:4.33.0` where the version ("v86") matches the version of the chromium-based browser you're using and the version number of the artifact is the same as Selenium's.
]]></system-err>
  </testcase>
  <testcase name="searchHotel" classname="test.AdactinHotelAppEndToEndTest" time="0.701"/>
  <testcase name="select_hotel" classname="test.AdactinHotelAppEndToEndTest" time="0.316"/>
  <testcase name="verify_selectHotel" classname="test.AdactinHotelAppEndToEndTest" time="0.17"/>
  <testcase name="book_hotel" classname="test.AdactinHotelAppEndToEndTest" time="6.539"/>
</testsuite>