<?xml version="1.0" encoding="UTF-8"?>
<testng-results ignored="0" total="5" passed="5" failed="0" skipped="0">
  <reporter-output>
  </reporter-output>
  <suite started-at="2026-02-22T19:40:33 IST" name="Suite" finished-at="2026-02-22T19:40:42 IST" duration-ms="8382">
    <groups>
    </groups>
    <test started-at="2026-02-22T19:40:33 IST" name="Test" finished-at="2026-02-22T19:40:42 IST" duration-ms="8382">
      <class name="test.AdactinHotelAppEndToEndTest">
        <test-method is-config="true" signature="setUp()[pri:0, instance:test.AdactinHotelAppEndToEndTest@2f16c6b3]" started-at="2026-02-22T19:40:30 IST" name="setUp" finished-at="2026-02-22T19:40:33 IST" duration-ms="3298" status="PASS">
          <reporter-output>
          </reporter-output>
        </test-method> <!-- setUp -->
        <test-method signature="login()[pri:0, instance:test.AdactinHotelAppEndToEndTest@2f16c6b3]" started-at="2026-02-22T19:40:33 IST" name="login" finished-at="2026-02-22T19:40:34 IST" duration-ms="813" status="PASS">
          <reporter-output>
          </reporter-output>
        </test-method> <!-- login -->
        <test-method signature="searchHotel()[pri:1, instance:test.AdactinHotelAppEndToEndTest@2f16c6b3]" started-at="2026-02-22T19:40:34 IST" name="searchHotel" finished-at="2026-02-22T19:40:35 IST" duration-ms="670" status="PASS">
          <reporter-output>
          </reporter-output>
        </test-method> <!-- searchHotel -->
        <test-method is-config="true" signature="takeScreenshotOnFailure(org.testng.ITestResult)[pri:0, instance:test.AdactinHotelAppEndToEndTest@2f16c6b3]" started-at="2026-02-22T19:40:34 IST" name="takeScreenshotOnFailure" finished-at="2026-02-22T19:40:34 IST" duration-ms="0" status="PASS">
          <params>
            <param index="0">
              <value>
                <![CDATA[[TestResult name=login status=SUCCESS method=AdactinHotelAppEndToEndTest.login()[pri:0, instance:test.AdactinHotelAppEndToEndTest@2f16c6b3] output={null}]]]>
              </value>
            </param>
          </params>
          <reporter-output>
          </reporter-output>
        </test-method> <!-- takeScreenshotOnFailure -->
        <test-method is-config="true" signature="takeScreenshotOnFailure(org.testng.ITestResult)[pri:0, instance:test.AdactinHotelAppEndToEndTest@2f16c6b3]" started-at="2026-02-22T19:40:35 IST" name="takeScreenshotOnFailure" finished-at="2026-02-22T19:40:35 IST" duration-ms="0" status="PASS">
          <params>
            <param index="0">
              <value>
                <![CDATA[[TestResult name=searchHotel status=SUCCESS method=AdactinHotelAppEndToEndTest.searchHotel()[pri:1, instance:test.AdactinHotelAppEndToEndTest@2f16c6b3] output={null}]]]>
              </value>
            </param>
          </params>
          <reporter-output>
          </reporter-output>
        </test-method> <!-- takeScreenshotOnFailure -->
        <test-method signature="select_hotel()[pri:4, instance:test.AdactinHotelAppEndToEndTest@2f16c6b3]" started-at="2026-02-22T19:40:35 IST" name="select_hotel" finished-at="2026-02-22T19:40:35 IST" duration-ms="321" status="PASS">
          <reporter-output>
          </reporter-output>
        </test-method> <!-- select_hotel -->
        <test-method is-config="true" signature="takeScreenshotOnFailure(org.testng.ITestResult)[pri:0, instance:test.AdactinHotelAppEndToEndTest@2f16c6b3]" started-at="2026-02-22T19:40:35 IST" name="takeScreenshotOnFailure" finished-at="2026-02-22T19:40:35 IST" duration-ms="1" status="PASS">
          <params>
            <param index="0">
              <value>
                <![CDATA[[TestResult name=select_hotel status=SUCCESS method=AdactinHotelAppEndToEndTest.select_hotel()[pri:4, instance:test.AdactinHotelAppEndToEndTest@2f16c6b3] output={null}]]]>
              </value>
            </param>
          </params>
          <reporter-output>
          </reporter-output>
        </test-method> <!-- takeScreenshotOnFailure -->
        <test-method signature="verify_selectHotel()[pri:5, instance:test.AdactinHotelAppEndToEndTest@2f16c6b3]" started-at="2026-02-22T19:40:35 IST" name="verify_selectHotel" finished-at="2026-02-22T19:40:35 IST" duration-ms="203" status="PASS">
          <reporter-output>
          </reporter-output>
        </test-method> <!-- verify_selectHotel -->
        <test-method is-config="true" signature="takeScreenshotOnFailure(org.testng.ITestResult)[pri:0, instance:test.AdactinHotelAppEndToEndTest@2f16c6b3]" started-at="2026-02-22T19:40:35 IST" name="takeScreenshotOnFailure" finished-at="2026-02-22T19:40:35 IST" duration-ms="0" status="PASS">
          <params>
            <param index="0">
              <value>
                <![CDATA[[TestResult name=verify_selectHotel status=SUCCESS method=AdactinHotelAppEndToEndTest.verify_selectHotel()[pri:5, instance:test.AdactinHotelAppEndToEndTest@2f16c6b3] output={null}]]]>
              </value>
            </param>
          </params>
          <reporter-output>
          </reporter-output>
        </test-method> <!-- takeScreenshotOnFailure -->
        <test-method signature="book_hotel()[pri:6, instance:test.AdactinHotelAppEndToEndTest@2f16c6b3]" started-at="2026-02-22T19:40:35 IST" name="book_hotel" finished-at="2026-02-22T19:40:42 IST" duration-ms="6298" status="PASS">
          <reporter-output>
          </reporter-output>
        </test-method> <!-- book_hotel -->
        <test-method is-config="true" signature="takeScreenshotOnFailure(org.testng.ITestResult)[pri:0, instance:test.AdactinHotelAppEndToEndTest@2f16c6b3]" started-at="2026-02-22T19:40:42 IST" name="takeScreenshotOnFailure" finished-at="2026-02-22T19:40:42 IST" duration-ms="1" status="PASS">
          <params>
            <param index="0">
              <value>
                <![CDATA[[TestResult name=book_hotel status=SUCCESS method=AdactinHotelAppEndToEndTest.book_hotel()[pri:6, instance:test.AdactinHotelAppEndToEndTest@2f16c6b3] output={null}]]]>
              </value>
            </param>
          </params>
          <reporter-output>
          </reporter-output>
        </test-method> <!-- takeScreenshotOnFailure -->
        <test-method is-config="true" signature="tearDown()[pri:0, instance:test.AdactinHotelAppEndToEndTest@2f16c6b3]" started-at="2026-02-22T19:40:42 IST" name="tearDown" finished-at="2026-02-22T19:40:42 IST" duration-ms="294" status="PASS">
          <reporter-output>
          </reporter-output>
        </test-method> <!-- tearDown -->
      </class> <!-- test.AdactinHotelAppEndToEndTest -->
    </test> <!-- Test -->
  </suite> <!-- Suite -->
</testng-results>
