<?xml version="1.0" encoding="UTF-8"?>
<testng-results ignored="0" total="1" passed="1" failed="0" skipped="0">
  <reporter-output>
  </reporter-output>
  <suite started-at="2026-02-15T21:33:23 IST" name="Default suite" finished-at="2026-02-15T21:33:24 IST" duration-ms="873">
    <groups>
    </groups>
    <test started-at="2026-02-15T21:33:23 IST" name="Default test" finished-at="2026-02-15T21:33:24 IST" duration-ms="873">
      <class name="test.LoginTest">
        <test-method is-config="true" signature="setUp()[pri:0, instance:test.LoginTest@46cdf8bd]" started-at="2026-02-15T21:33:19 IST" name="setUp" finished-at="2026-02-15T21:33:23 IST" duration-ms="3712" status="PASS">
          <reporter-output>
          </reporter-output>
        </test-method> <!-- setUp -->
        <test-method signature="login()[pri:0, instance:test.LoginTest@46cdf8bd]" started-at="2026-02-15T21:33:23 IST" name="login" finished-at="2026-02-15T21:33:24 IST" duration-ms="812" status="PASS">
          <reporter-output>
          </reporter-output>
        </test-method> <!-- login -->
        <test-method is-config="true" signature="tearDown()[pri:0, instance:test.LoginTest@46cdf8bd]" started-at="2026-02-15T21:33:24 IST" name="tearDown" finished-at="2026-02-15T21:33:25 IST" duration-ms="363" status="PASS">
          <reporter-output>
          </reporter-output>
        </test-method> <!-- tearDown -->
      </class> <!-- test.LoginTest -->
    </test> <!-- Default test -->
  </suite> <!-- Default suite -->
</testng-results>
