<?xml version="1.0" encoding="UTF-8"?>
<!-- Generated by org.testng.reporters.JUnitReportReporter -->
<testsuite hostname="AnudiP" failures="0" tests="5" name="test.AdactinHotelAppEndToEndTest" time="9.652" errors="0" timestamp="2026-02-16T16:21:37 IST" skipped="0">
  <testcase classname="test.AdactinHotelAppEndToEndTest" name="login" time="1.093"/>
  <testcase classname="test.AdactinHotelAppEndToEndTest" name="searchHotel" time="0.857"/>
  <testcase classname="test.AdactinHotelAppEndToEndTest" name="select_hotel" time="0.416"/>
  <testcase classname="test.AdactinHotelAppEndToEndTest" name="verify_selectHotel" time="0.194"/>
  <testcase classname="test.AdactinHotelAppEndToEndTest" name="book_hotel" time="7.092"/>
</testsuite> <!-- test.AdactinHotelAppEndToEndTest -->
