<?xml version="1.0" encoding="UTF-8"?>
<!-- Generated by org.testng.reporters.JUnitReportReporter -->
<testsuite hostname="AnudiP" failures="0" tests="5" name="test.AdactinHotelAppEndToEndTest" time="8.307" errors="0" timestamp="2026-02-22T19:40:42 IST" skipped="0">
  <testcase classname="test.AdactinHotelAppEndToEndTest" name="login" time="0.814"/>
  <testcase classname="test.AdactinHotelAppEndToEndTest" name="searchHotel" time="0.670"/>
  <testcase classname="test.AdactinHotelAppEndToEndTest" name="select_hotel" time="0.321"/>
  <testcase classname="test.AdactinHotelAppEndToEndTest" name="verify_selectHotel" time="0.203"/>
  <testcase classname="test.AdactinHotelAppEndToEndTest" name="book_hotel" time="6.299"/>
</testsuite> <!-- test.AdactinHotelAppEndToEndTest -->
