<?xml version="1.0" encoding="UTF-8"?>
<!-- Generated by org.testng.reporters.JUnitReportReporter -->
<testsuite hostname="AnudiP" failures="0" tests="5" name="test.AdactinHotelAppEndToEndTest" time="8.527" errors="0" timestamp="2026-02-16T16:52:48 IST" skipped="0">
  <testcase classname="test.AdactinHotelAppEndToEndTest" name="login" time="0.784"/>
  <testcase classname="test.AdactinHotelAppEndToEndTest" name="searchHotel" time="0.698"/>
  <testcase classname="test.AdactinHotelAppEndToEndTest" name="select_hotel" time="0.316"/>
  <testcase classname="test.AdactinHotelAppEndToEndTest" name="verify_selectHotel" time="0.188"/>
  <testcase classname="test.AdactinHotelAppEndToEndTest" name="book_hotel" time="6.541"/>
</testsuite> <!-- test.AdactinHotelAppEndToEndTest -->
